<?xml version="1.0" encoding="UTF-8"?>
<!-- Generated by org.testng.reporters.JUnitXMLReporter -->
<testsuite ignored="0" hostname="DESKTOP-1OLMR23" failures="1" tests="1" name="Appointment Management Feature" time="39.757" errors="0" timestamp="2023-06-23T12:55:38 EEST">
  <testcase classname="mechanic_advisor_tests.AppointmentManagementFeatureTests" name="createNewAppointmentTest" time="30.33">
    <failure type="java.lang.RuntimeException" message="Timed out after 30 seconds waiting for condition to be true.">
      <![CDATA[java.lang.RuntimeException: Timed out after 30 seconds waiting for condition to be true.
at com.mechanic_advisor.ElementsAvailabilityChecker.waitUntil(ElementsAvailabilityChecker.java:30)
at com.mechanic_advisor.pages.modules.NavigationModule.clickOnMenuItem(NavigationModule.java:33)
at com.mechanic_advisor.pages.modules.NavigationModule.openCalendar(NavigationModule.java:38)
at mechanic_advisor_tests.AppointmentManagementFeatureTests.createNewAppointmentTest(AppointmentManagementFeatureTests.java:21)
at java.base/java.util.ArrayList.forEach(ArrayList.java:1511)
... Removed 31 stack frames]]>
    </failure>
  </testcase> <!-- createNewAppointmentTest -->
</testsuite> <!-- Appointment Management Feature -->
