<?xml version="1.0" encoding="UTF-8"?>
<testng-results ignored="0" total="1" passed="0" failed="1" skipped="0">
  <reporter-output>
  </reporter-output>
  <suite started-at="2023-06-23T12:54:58 EEST" name="Mechanic advisor tests" finished-at="2023-06-23T12:55:38 EEST" duration-ms="39757">
    <groups>
    </groups>
    <test started-at="2023-06-23T12:54:58 EEST" name="Appointment Management Feature" finished-at="2023-06-23T12:55:38 EEST" duration-ms="39757">
      <class name="mechanic_advisor_tests.AppointmentManagementFeatureTests">
        <test-method is-config="true" signature="setUp()[pri:0, instance:mechanic_advisor_tests.AppointmentManagementFeatureTests@2f4948e4]" started-at="2023-06-23T12:54:58 EEST" name="setUp" finished-at="2023-06-23T12:55:07 EEST" duration-ms="9246" status="PASS">
          <reporter-output>
          </reporter-output>
        </test-method> <!-- setUp -->
        <test-method signature="createNewAppointmentTest()[pri:0, instance:mechanic_advisor_tests.AppointmentManagementFeatureTests@2f4948e4]" started-at="2023-06-23T12:55:07 EEST" name="createNewAppointmentTest" finished-at="2023-06-23T12:55:38 EEST" duration-ms="30330" status="FAIL">
          <exception class="java.lang.RuntimeException">
            <message>
              <![CDATA[Timed out after 30 seconds waiting for condition to be true.]]>
            </message>
            <full-stacktrace>
              <![CDATA[java.lang.RuntimeException: Timed out after 30 seconds waiting for condition to be true.
at com.mechanic_advisor.ElementsAvailabilityChecker.waitUntil(ElementsAvailabilityChecker.java:30)
at com.mechanic_advisor.pages.modules.NavigationModule.clickOnMenuItem(NavigationModule.java:33)
at com.mechanic_advisor.pages.modules.NavigationModule.openCalendar(NavigationModule.java:38)
at mechanic_advisor_tests.AppointmentManagementFeatureTests.createNewAppointmentTest(AppointmentManagementFeatureTests.java:21)
at java.base/jdk.internal.reflect.NativeMethodAccessorImpl.invoke0(Native Method)
at java.base/jdk.internal.reflect.NativeMethodAccessorImpl.invoke(NativeMethodAccessorImpl.java:77)
at java.base/jdk.internal.reflect.DelegatingMethodAccessorImpl.invoke(DelegatingMethodAccessorImpl.java:43)
at java.base/java.lang.reflect.Method.invoke(Method.java:568)
at org.testng.internal.invokers.MethodInvocationHelper.invokeMethod(MethodInvocationHelper.java:139)
at org.testng.internal.invokers.TestInvoker.invokeMethod(TestInvoker.java:677)
at org.testng.internal.invokers.TestInvoker.invokeTestMethod(TestInvoker.java:221)
at org.testng.internal.invokers.MethodRunner.runInSequence(MethodRunner.java:50)
at org.testng.internal.invokers.TestInvoker$MethodInvocationAgent.invoke(TestInvoker.java:969)
at org.testng.internal.invokers.TestInvoker.invokeTestMethods(TestInvoker.java:194)
at org.testng.internal.invokers.TestMethodWorker.invokeTestMethods(TestMethodWorker.java:148)
at org.testng.internal.invokers.TestMethodWorker.run(TestMethodWorker.java:128)
at java.base/java.util.ArrayList.forEach(ArrayList.java:1511)
at org.testng.TestRunner.privateRun(TestRunner.java:829)
at org.testng.TestRunner.run(TestRunner.java:602)
at org.testng.SuiteRunner.runTest(SuiteRunner.java:437)
at org.testng.SuiteRunner.runSequentially(SuiteRunner.java:431)
at org.testng.SuiteRunner.privateRun(SuiteRunner.java:391)
at org.testng.SuiteRunner.run(SuiteRunner.java:330)
at org.testng.SuiteRunnerWorker.runSuite(SuiteRunnerWorker.java:52)
at org.testng.SuiteRunnerWorker.run(SuiteRunnerWorker.java:95)
at org.testng.TestNG.runSuitesSequentially(TestNG.java:1256)
at org.testng.TestNG.runSuitesLocally(TestNG.java:1176)
at org.testng.TestNG.runSuites(TestNG.java:1099)
at org.testng.TestNG.run(TestNG.java:1067)
at org.apache.maven.surefire.testng.TestNGExecutor.run(TestNGExecutor.java:308)
at org.apache.maven.surefire.testng.TestNGXmlTestSuite.execute(TestNGXmlTestSuite.java:71)
at org.apache.maven.surefire.testng.TestNGProvider.invoke(TestNGProvider.java:113)
at org.apache.maven.surefire.booter.ForkedBooter.runSuitesInProcess(ForkedBooter.java:385)
at org.apache.maven.surefire.booter.ForkedBooter.execute(ForkedBooter.java:162)
at org.apache.maven.surefire.booter.ForkedBooter.run(ForkedBooter.java:507)
at org.apache.maven.surefire.booter.ForkedBooter.main(ForkedBooter.java:495)
]]>
            </full-stacktrace>
          </exception> <!-- java.lang.RuntimeException -->
          <reporter-output>
          </reporter-output>
        </test-method> <!-- createNewAppointmentTest -->
        <test-method is-config="true" signature="tearDown()[pri:0, instance:mechanic_advisor_tests.AppointmentManagementFeatureTests@2f4948e4]" started-at="2023-06-23T12:55:38 EEST" name="tearDown" finished-at="2023-06-23T12:55:38 EEST" duration-ms="133" status="PASS">
          <reporter-output>
          </reporter-output>
        </test-method> <!-- tearDown -->
      </class> <!-- mechanic_advisor_tests.AppointmentManagementFeatureTests -->
    </test> <!-- Appointment Management Feature -->
  </suite> <!-- Mechanic advisor tests -->
</testng-results>
